<?xml version="1.0" encoding="UTF-8"?>
<testsuite xmlns:xsi="http://www.w3.org/2001/XMLSchema-instance" xsi:noNamespaceSchemaLocation="https://maven.apache.org/surefire/maven-surefire-plugin/xsd/surefire-test-report.xsd" name="nl.quintor.solitaire.ui.cli.GameStateParserSpec" time="0.058" tests="12" errors="1" skipped="0" failures="9">
  <properties>
    <property name="sun.desktop" value="windows"/>
    <property name="awt.toolkit" value="sun.awt.windows.WToolkit"/>
    <property name="java.specification.version" value="11"/>
    <property name="sun.cpu.isalist" value="amd64"/>
    <property name="sun.jnu.encoding" value="Cp1252"/>
    <property name="java.class.path" value="C:\Users\Danil\Documents\INF03\Minor Quintor\eventweek-solitair-student-group_version\target\test-classes;C:\Users\Danil\Documents\INF03\Minor Quintor\eventweek-solitair-student-group_version\target\classes;C:\Users\Danil\.m2\repository\junit\junit\4.12\junit-4.12.jar;C:\Users\Danil\.m2\repository\org\hamcrest\hamcrest-core\1.3\hamcrest-core-1.3.jar;C:\Users\Danil\.m2\repository\org\assertj\assertj-core\3.8.0\assertj-core-3.8.0.jar;C:\Users\Danil\.m2\repository\org\spockframework\spock-core\1.1-groovy-2.4\spock-core-1.1-groovy-2.4.jar;C:\Users\Danil\.m2\repository\org\codehaus\groovy\groovy-all\2.4.15\groovy-all-2.4.15.jar;C:\Users\Danil\.m2\repository\com\athaydes\spock-reports\1.5.0\spock-reports-1.5.0.jar;C:\Users\Danil\.m2\repository\org\slf4j\slf4j-api\1.7.13\slf4j-api-1.7.13.jar;C:\Users\Danil\.m2\repository\org\slf4j\slf4j-simple\1.7.13\slf4j-simple-1.7.13.jar;"/>
    <property name="java.vm.vendor" value="Oracle Corporation"/>
    <property name="sun.arch.data.model" value="64"/>
    <property name="user.variant" value=""/>
    <property name="java.vendor.url" value="http://java.oracle.com/"/>
    <property name="user.timezone" value="Europe/Berlin"/>
    <property name="user.country.format" value="NL"/>
    <property name="java.vm.specification.version" value="11"/>
    <property name="os.name" value="Windows 10"/>
    <property name="sun.java.launcher" value="SUN_STANDARD"/>
    <property name="user.country" value="GB"/>
    <property name="sun.boot.library.path" value="C:\Program Files\Java\jdk-11.0.4\bin"/>
    <property name="sun.java.command" value="C:\Users\Danil\AppData\Local\Temp\surefire16407452397696327797\surefirebooter17254443214702034489.jar C:\Users\Danil\AppData\Local\Temp\surefire16407452397696327797 2019-09-03T10-48-29_778-jvmRun1 surefire105635694467694667tmp surefire_017473897594903592073tmp"/>
    <property name="jdk.debug" value="release"/>
    <property name="surefire.test.class.path" value="C:\Users\Danil\Documents\INF03\Minor Quintor\eventweek-solitair-student-group_version\target\test-classes;C:\Users\Danil\Documents\INF03\Minor Quintor\eventweek-solitair-student-group_version\target\classes;C:\Users\Danil\.m2\repository\junit\junit\4.12\junit-4.12.jar;C:\Users\Danil\.m2\repository\org\hamcrest\hamcrest-core\1.3\hamcrest-core-1.3.jar;C:\Users\Danil\.m2\repository\org\assertj\assertj-core\3.8.0\assertj-core-3.8.0.jar;C:\Users\Danil\.m2\repository\org\spockframework\spock-core\1.1-groovy-2.4\spock-core-1.1-groovy-2.4.jar;C:\Users\Danil\.m2\repository\org\codehaus\groovy\groovy-all\2.4.15\groovy-all-2.4.15.jar;C:\Users\Danil\.m2\repository\com\athaydes\spock-reports\1.5.0\spock-reports-1.5.0.jar;C:\Users\Danil\.m2\repository\org\slf4j\slf4j-api\1.7.13\slf4j-api-1.7.13.jar;C:\Users\Danil\.m2\repository\org\slf4j\slf4j-simple\1.7.13\slf4j-simple-1.7.13.jar;"/>
    <property name="sun.cpu.endian" value="little"/>
    <property name="user.home" value="C:\Users\Danil"/>
    <property name="user.language" value="en"/>
    <property name="java.specification.vendor" value="Oracle Corporation"/>
    <property name="java.version.date" value="2019-07-16"/>
    <property name="java.home" value="C:\Program Files\Java\jdk-11.0.4"/>
    <property name="idea.version2019.2.1" value="true"/>
    <property name="file.separator" value="\"/>
    <property name="basedir" value="C:\Users\Danil\Documents\INF03\Minor Quintor\eventweek-solitair-student-group_version"/>
    <property name="java.vm.compressedOopsMode" value="Zero based"/>
    <property name="line.separator" value="&#10;"/>
    <property name="java.specification.name" value="Java Platform API Specification"/>
    <property name="java.vm.specification.vendor" value="Oracle Corporation"/>
    <property name="java.awt.graphicsenv" value="sun.awt.Win32GraphicsEnvironment"/>
    <property name="surefire.real.class.path" value="C:\Users\Danil\AppData\Local\Temp\surefire16407452397696327797\surefirebooter17254443214702034489.jar"/>
    <property name="user.script" value=""/>
    <property name="sun.management.compiler" value="HotSpot 64-Bit Tiered Compilers"/>
    <property name="java.runtime.version" value="11.0.4+10-LTS"/>
    <property name="user.name" value="Danil"/>
    <property name="path.separator" value=";"/>
    <property name="os.version" value="10.0"/>
    <property name="java.runtime.name" value="Java(TM) SE Runtime Environment"/>
    <property name="file.encoding" value="Cp1252"/>
    <property name="java.vm.name" value="Java HotSpot(TM) 64-Bit Server VM"/>
    <property name="java.vendor.version" value="18.9"/>
    <property name="localRepository" value="C:\Users\Danil\.m2\repository"/>
    <property name="java.vendor.url.bug" value="http://bugreport.java.com/bugreport/"/>
    <property name="java.io.tmpdir" value="C:\Users\Danil\AppData\Local\Temp\"/>
    <property name="java.version" value="11.0.4"/>
    <property name="user.dir" value="C:\Users\Danil\Documents\INF03\Minor Quintor\eventweek-solitair-student-group_version"/>
    <property name="os.arch" value="amd64"/>
    <property name="java.vm.specification.name" value="Java Virtual Machine Specification"/>
    <property name="java.awt.printerjob" value="sun.awt.windows.WPrinterJob"/>
    <property name="sun.os.patch.level" value=""/>
    <property name="java.library.path" value="C:\Program Files\Java\jdk-11.0.4\bin;C:\windows\Sun\Java\bin;C:\windows\system32;C:\windows;C:\Program Files\AdoptOpenJDK\jdk-11.0.4.11-hotspot\bin;C:\Program Files (x86)\Intel\Intel(R) Management Engine Components\iCLS\;C:\Program Files\Intel\Intel(R) Management Engine Components\iCLS\;C:\windows\system32;C:\windows;C:\windows\System32\Wbem;C:\windows\System32\WindowsPowerShell\v1.0\;C:\windows\System32\OpenSSH\;C:\Program Files (x86)\Intel\Intel(R) Management Engine Components\DAL;C:\Program Files\Intel\Intel(R) Management Engine Components\DAL;C:\Program Files (x86)\NVIDIA Corporation\PhysX\Common;C:\Program Files\dotnet\;C:\Program Files\Microsoft SQL Server\130\Tools\Binn\;C:\Program Files\Microsoft SQL Server\Client SDK\ODBC\170\Tools\Binn\;C:\ProgramData\chocolatey\bin;C:\Program Files (x86)\Yarn\bin\;C:\Program Files\nodejs\;C:\Program Files\Git\cmd;C:\Users\Danil\.windows-build-tools\python27\;C:\Users\Danil\AppData\Roaming\npm\node_modules\npm\node_modules\npm-lifecycle\node-gyp-bin;C:\Users\Danil\AppData\Roaming\npm\node_modules\windows-build-tools\node_modules\.bin;C:\Users\Danil\AppData\Roaming\npm\node_modules\.bin;C:\Program Files (x86)\Intel\Intel(R) Management Engine Components\iCLS\;C:\Program Files\Intel\Intel(R) Management Engine Components\iCLS\;C:\windows\system32;C:\windows;C:\windows\System32\Wbem;C:\windows\System32\WindowsPowerShell\v1.0\;C:\windows\System32\OpenSSH\;C:\Program Files (x86)\Intel\Intel(R) Management Engine Components\DAL;C:\Program Files\Intel\Intel(R) Management Engine Components\DAL;C:\Program Files (x86)\NVIDIA Corporation\PhysX\Common;C:\Program Files\Git\cmd;C:\Program Files\nodejs\;C:\Program Files\dotnet\;C:\Program Files\Microsoft SQL Server\130\Tools\Binn\;C:\Program Files\Microsoft SQL Server\Client SDK\ODBC\170\Tools\Binn\;C:\ProgramData\chocolatey\bin;C:\Program Files (x86)\Yarn\bin\;C:\Program Files\MySQL\My;C:\Users\Danil\AppData\Local\Programs\Microsoft VS Code\bin;."/>
    <property name="java.vendor" value="Oracle Corporation"/>
    <property name="java.vm.info" value="mixed mode"/>
    <property name="java.vm.version" value="11.0.4+10-LTS"/>
    <property name="sun.io.unicode.encoding" value="UnicodeLittle"/>
    <property name="java.class.version" value="55.0"/>
  </properties>
  <testcase name="PadNAdd should add padding with testcase : pad string of lenght of 0" classname="nl.quintor.solitaire.ui.cli.GameStateParserSpec" time="0">
    <failure message="Condition not satisfied:&#10;&#10;builder.toString() == expectedResult&#10;|       |          |  |&#10;|       &quot;&quot;         |                      &#10;|                  false&#10;|                  20 differences (0% similarity)&#10;|                  (--------------------)&#10;|                  (                    )&#10;java.lang.StringBuilder@3effd4f3&#10;" type="org.spockframework.runtime.SpockComparisonFailure">org.spockframework.runtime.SpockComparisonFailure: 
Condition not satisfied:

builder.toString() == expectedResult
|       |          |  |
|       ""         |                      
|                  false
|                  20 differences (0% similarity)
|                  (--------------------)
|                  (                    )
java.lang.StringBuilder@3effd4f3

	at nl.quintor.solitaire.ui.cli.GameStateParserSpec.PadNAdd should add padding with testcase : #testCase(GameStateParserSpec.groovy:21)
</failure>
  </testcase>
  <testcase name="PadNAdd should add padding with testcase : pad string of lenght of 1" classname="nl.quintor.solitaire.ui.cli.GameStateParserSpec" time="0">
    <failure message="Condition not satisfied:&#10;&#10;builder.toString() == expectedResult&#10;|       |          |  |&#10;|       &quot;&quot;         |   a                  &#10;|                  false&#10;|                  20 differences (0% similarity)&#10;|                  (--------------------)&#10;|                  ( a                  )&#10;java.lang.StringBuilder@338cc75f&#10;" type="org.spockframework.runtime.SpockComparisonFailure">org.spockframework.runtime.SpockComparisonFailure: 
Condition not satisfied:

builder.toString() == expectedResult
|       |          |  |
|       ""         |   a                  
|                  false
|                  20 differences (0% similarity)
|                  (--------------------)
|                  ( a                  )
java.lang.StringBuilder@338cc75f

	at nl.quintor.solitaire.ui.cli.GameStateParserSpec.PadNAdd should add padding with testcase : #testCase(GameStateParserSpec.groovy:21)
</failure>
  </testcase>
  <testcase name="PadNAdd should add padding with testcase : pad string of lenght greater then 1" classname="nl.quintor.solitaire.ui.cli.GameStateParserSpec" time="0">
    <failure message="Condition not satisfied:&#10;&#10;builder.toString() == expectedResult&#10;|       |          |  |&#10;|       &quot;&quot;         |  abc                 &#10;|                  false&#10;|                  20 differences (0% similarity)&#10;|                  (--------------------)&#10;|                  (abc                 )&#10;java.lang.StringBuilder@7afbf561&#10;" type="org.spockframework.runtime.SpockComparisonFailure">org.spockframework.runtime.SpockComparisonFailure: 
Condition not satisfied:

builder.toString() == expectedResult
|       |          |  |
|       ""         |  abc                 
|                  false
|                  20 differences (0% similarity)
|                  (--------------------)
|                  (abc                 )
java.lang.StringBuilder@7afbf561

	at nl.quintor.solitaire.ui.cli.GameStateParserSpec.PadNAdd should add padding with testcase : #testCase(GameStateParserSpec.groovy:21)
</failure>
  </testcase>
  <testcase name="cardStringOrNull should return null when testing : Should return null when input deck is empty" classname="nl.quintor.solitaire.ui.cli.GameStateParserSpec" time="0"/>
  <testcase name="cardStringOrNull should return null when testing : Should return null when index is invalid" classname="nl.quintor.solitaire.ui.cli.GameStateParserSpec" time="0"/>
  <testcase name="cardStringOrNull should return ♦ 3 when testing : Should return ♦ 3 whith valid index pointing to card" classname="nl.quintor.solitaire.ui.cli.GameStateParserSpec" time="0">
    <failure message="Condition not satisfied:&#10;&#10;result == expectedResult&#10;|      |  |&#10;null   |  ♦ 3&#10;       false&#10;" type="org.spockframework.runtime.SpockComparisonFailure">org.spockframework.runtime.SpockComparisonFailure: 
Condition not satisfied:

result == expectedResult
|      |  |
null   |  ♦ 3
       false

	at nl.quintor.solitaire.ui.cli.GameStateParserSpec.cardStringOrNull should return #expectedResult when testing : #testCase(GameStateParserSpec.groovy:33)
</failure>
  </testcase>
  <testcase name="printRow should return false when testing: printing empty decks" classname="nl.quintor.solitaire.ui.cli.GameStateParserSpec" time="0.001">
    <failure message="Condition not satisfied:&#10;&#10;result == expectedResult&#10;|      |  |&#10;true   |  false&#10;       false&#10;" type="org.spockframework.runtime.SpockComparisonFailure">org.spockframework.runtime.SpockComparisonFailure: 
Condition not satisfied:

result == expectedResult
|      |  |
true   |  false
       false

	at nl.quintor.solitaire.ui.cli.GameStateParserSpec.printRow should return #expectedResult when testing: #testCase(GameStateParserSpec.groovy:47)
</failure>
  </testcase>
  <testcase name="printRow should return true when testing: printing decks containing only visible cards and one row" classname="nl.quintor.solitaire.ui.cli.GameStateParserSpec" time="0.002">
    <failure message="Condition not satisfied:&#10;&#10;builder.toString() == expectedBuilderContent&#10;|       |          |  |&#10;|       &quot;&quot;         |  ♤ A     ♤ K     ♤ Q     ♤ J     ♤ 10    ♤ 9     ♤ 8     &#10;|                  false&#10;|                  56 differences (0% similarity)&#10;|                  (--------------------------------------------------------)&#10;|                  (♤ A     ♤ K     ♤ Q     ♤ J     ♤ 10    ♤ 9     ♤ 8     )&#10;java.lang.StringBuilder@6c575325&#10;" type="org.spockframework.runtime.SpockComparisonFailure">org.spockframework.runtime.SpockComparisonFailure: 
Condition not satisfied:

builder.toString() == expectedBuilderContent
|       |          |  |
|       ""         |  ♤ A     ♤ K     ♤ Q     ♤ J     ♤ 10    ♤ 9     ♤ 8     
|                  false
|                  56 differences (0% similarity)
|                  (--------------------------------------------------------)
|                  (♤ A     ♤ K     ♤ Q     ♤ J     ♤ 10    ♤ 9     ♤ 8     )
java.lang.StringBuilder@6c575325

	at nl.quintor.solitaire.ui.cli.GameStateParserSpec.printRow should return #expectedResult when testing: #testCase(GameStateParserSpec.groovy:48)
</failure>
  </testcase>
  <testcase name="printRow should return true when testing: printing decks containing only visible cards and multiple rows" classname="nl.quintor.solitaire.ui.cli.GameStateParserSpec" time="0.001">
    <failure message="Condition not satisfied:&#10;&#10;builder.toString() == expectedBuilderContent&#10;|       |          |  |&#10;|       &quot;&quot;         |  ♤ 7     ♤ 6     ♤ 5     ♤ 4     ♤ 3     ♤ 2     ♥ A     &#10;|                  false&#10;|                  56 differences (0% similarity)&#10;|                  (--------------------------------------------------------)&#10;|                  (♤ 7     ♤ 6     ♤ 5     ♤ 4     ♤ 3     ♤ 2     ♥ A     )&#10;java.lang.StringBuilder@4e93dcb9&#10;" type="org.spockframework.runtime.SpockComparisonFailure">org.spockframework.runtime.SpockComparisonFailure: 
Condition not satisfied:

builder.toString() == expectedBuilderContent
|       |          |  |
|       ""         |  ♤ 7     ♤ 6     ♤ 5     ♤ 4     ♤ 3     ♤ 2     ♥ A     
|                  false
|                  56 differences (0% similarity)
|                  (--------------------------------------------------------)
|                  (♤ 7     ♤ 6     ♤ 5     ♤ 4     ♤ 3     ♤ 2     ♥ A     )
java.lang.StringBuilder@4e93dcb9

	at nl.quintor.solitaire.ui.cli.GameStateParserSpec.printRow should return #expectedResult when testing: #testCase(GameStateParserSpec.groovy:48)
</failure>
  </testcase>
  <testcase name="printRow should return false when testing: printing decks containing only visible cards and multiple rows with non existing  index" classname="nl.quintor.solitaire.ui.cli.GameStateParserSpec" time="0.001">
    <failure message="Condition not satisfied:&#10;&#10;result == expectedResult&#10;|      |  |&#10;true   |  false&#10;       false&#10;" type="org.spockframework.runtime.SpockComparisonFailure">org.spockframework.runtime.SpockComparisonFailure: 
Condition not satisfied:

result == expectedResult
|      |  |
true   |  false
       false

	at nl.quintor.solitaire.ui.cli.GameStateParserSpec.printRow should return #expectedResult when testing: #testCase(GameStateParserSpec.groovy:47)
</failure>
  </testcase>
  <testcase name="printRow should return true when testing: printing decks containing only invisible cards and one row" classname="nl.quintor.solitaire.ui.cli.GameStateParserSpec" time="0.001">
    <failure message="Condition not satisfied:&#10;&#10;builder.toString() == expectedBuilderContent&#10;|       |          |  |&#10;|       &quot;&quot;         |  ? ?     ? ?     ? ?     ? ?     ? ?     ? ?     ? ?     &#10;|                  false&#10;|                  56 differences (0% similarity)&#10;|                  (--------------------------------------------------------)&#10;|                  (? ?     ? ?     ? ?     ? ?     ? ?     ? ?     ? ?     )&#10;java.lang.StringBuilder@7c891ba7&#10;" type="org.spockframework.runtime.SpockComparisonFailure">org.spockframework.runtime.SpockComparisonFailure: 
Condition not satisfied:

builder.toString() == expectedBuilderContent
|       |          |  |
|       ""         |  ? ?     ? ?     ? ?     ? ?     ? ?     ? ?     ? ?     
|                  false
|                  56 differences (0% similarity)
|                  (--------------------------------------------------------)
|                  (? ?     ? ?     ? ?     ? ?     ? ?     ? ?     ? ?     )
java.lang.StringBuilder@7c891ba7

	at nl.quintor.solitaire.ui.cli.GameStateParserSpec.printRow should return #expectedResult when testing: #testCase(GameStateParserSpec.groovy:48)
</failure>
  </testcase>
  <testcase name="parseGameState should return a string representation of the game state for a new game" classname="nl.quintor.solitaire.ui.cli.GameStateParserSpec" time="0.001">
    <error message="Cannot invoke method add() on null object" type="java.lang.NullPointerException">java.lang.NullPointerException: Cannot invoke method add() on null object
	at nl.quintor.solitaire.ui.cli.GameStateParserSpec.parseGameState should return a string representation of the game state for a new game(GameStateParserSpec.groovy:60)
</error>
  </testcase>
</testsuite>