<?xml version="1.0" encoding="UTF-8"?>
<testsuite xmlns:xsi="http://www.w3.org/2001/XMLSchema-instance" xsi:noNamespaceSchemaLocation="https://maven.apache.org/surefire/maven-surefire-plugin/xsd/surefire-test-report.xsd" name="nl.quintor.solitaire.game.CardMoveChecksSpec" time="0.908" tests="57" errors="0" skipped="0" failures="14">
  <properties>
    <property name="sun.desktop" value="windows"/>
    <property name="awt.toolkit" value="sun.awt.windows.WToolkit"/>
    <property name="java.specification.version" value="11"/>
    <property name="sun.cpu.isalist" value="amd64"/>
    <property name="sun.jnu.encoding" value="Cp1252"/>
    <property name="java.class.path" value="C:\Users\Danil\Documents\INF03\Minor Quintor\eventweek-solitair-student-group_version\target\test-classes;C:\Users\Danil\Documents\INF03\Minor Quintor\eventweek-solitair-student-group_version\target\classes;C:\Users\Danil\.m2\repository\junit\junit\4.12\junit-4.12.jar;C:\Users\Danil\.m2\repository\org\hamcrest\hamcrest-core\1.3\hamcrest-core-1.3.jar;C:\Users\Danil\.m2\repository\org\assertj\assertj-core\3.8.0\assertj-core-3.8.0.jar;C:\Users\Danil\.m2\repository\org\spockframework\spock-core\1.1-groovy-2.4\spock-core-1.1-groovy-2.4.jar;C:\Users\Danil\.m2\repository\org\codehaus\groovy\groovy-all\2.4.15\groovy-all-2.4.15.jar;C:\Users\Danil\.m2\repository\com\athaydes\spock-reports\1.5.0\spock-reports-1.5.0.jar;C:\Users\Danil\.m2\repository\org\slf4j\slf4j-api\1.7.13\slf4j-api-1.7.13.jar;C:\Users\Danil\.m2\repository\org\slf4j\slf4j-simple\1.7.13\slf4j-simple-1.7.13.jar;"/>
    <property name="java.vm.vendor" value="Oracle Corporation"/>
    <property name="sun.arch.data.model" value="64"/>
    <property name="user.variant" value=""/>
    <property name="java.vendor.url" value="http://java.oracle.com/"/>
    <property name="user.timezone" value="Europe/Berlin"/>
    <property name="user.country.format" value="NL"/>
    <property name="java.vm.specification.version" value="11"/>
    <property name="os.name" value="Windows 10"/>
    <property name="sun.java.launcher" value="SUN_STANDARD"/>
    <property name="user.country" value="GB"/>
    <property name="sun.boot.library.path" value="C:\Program Files\Java\jdk-11.0.4\bin"/>
    <property name="sun.java.command" value="C:\Users\Danil\AppData\Local\Temp\surefire16407452397696327797\surefirebooter17254443214702034489.jar C:\Users\Danil\AppData\Local\Temp\surefire16407452397696327797 2019-09-03T10-48-29_778-jvmRun1 surefire105635694467694667tmp surefire_017473897594903592073tmp"/>
    <property name="jdk.debug" value="release"/>
    <property name="surefire.test.class.path" value="C:\Users\Danil\Documents\INF03\Minor Quintor\eventweek-solitair-student-group_version\target\test-classes;C:\Users\Danil\Documents\INF03\Minor Quintor\eventweek-solitair-student-group_version\target\classes;C:\Users\Danil\.m2\repository\junit\junit\4.12\junit-4.12.jar;C:\Users\Danil\.m2\repository\org\hamcrest\hamcrest-core\1.3\hamcrest-core-1.3.jar;C:\Users\Danil\.m2\repository\org\assertj\assertj-core\3.8.0\assertj-core-3.8.0.jar;C:\Users\Danil\.m2\repository\org\spockframework\spock-core\1.1-groovy-2.4\spock-core-1.1-groovy-2.4.jar;C:\Users\Danil\.m2\repository\org\codehaus\groovy\groovy-all\2.4.15\groovy-all-2.4.15.jar;C:\Users\Danil\.m2\repository\com\athaydes\spock-reports\1.5.0\spock-reports-1.5.0.jar;C:\Users\Danil\.m2\repository\org\slf4j\slf4j-api\1.7.13\slf4j-api-1.7.13.jar;C:\Users\Danil\.m2\repository\org\slf4j\slf4j-simple\1.7.13\slf4j-simple-1.7.13.jar;"/>
    <property name="sun.cpu.endian" value="little"/>
    <property name="user.home" value="C:\Users\Danil"/>
    <property name="user.language" value="en"/>
    <property name="java.specification.vendor" value="Oracle Corporation"/>
    <property name="java.version.date" value="2019-07-16"/>
    <property name="java.home" value="C:\Program Files\Java\jdk-11.0.4"/>
    <property name="idea.version2019.2.1" value="true"/>
    <property name="file.separator" value="\"/>
    <property name="basedir" value="C:\Users\Danil\Documents\INF03\Minor Quintor\eventweek-solitair-student-group_version"/>
    <property name="java.vm.compressedOopsMode" value="Zero based"/>
    <property name="line.separator" value="&#10;"/>
    <property name="java.specification.name" value="Java Platform API Specification"/>
    <property name="java.vm.specification.vendor" value="Oracle Corporation"/>
    <property name="java.awt.graphicsenv" value="sun.awt.Win32GraphicsEnvironment"/>
    <property name="surefire.real.class.path" value="C:\Users\Danil\AppData\Local\Temp\surefire16407452397696327797\surefirebooter17254443214702034489.jar"/>
    <property name="user.script" value=""/>
    <property name="sun.management.compiler" value="HotSpot 64-Bit Tiered Compilers"/>
    <property name="java.runtime.version" value="11.0.4+10-LTS"/>
    <property name="user.name" value="Danil"/>
    <property name="path.separator" value=";"/>
    <property name="os.version" value="10.0"/>
    <property name="java.runtime.name" value="Java(TM) SE Runtime Environment"/>
    <property name="file.encoding" value="Cp1252"/>
    <property name="java.vm.name" value="Java HotSpot(TM) 64-Bit Server VM"/>
    <property name="java.vendor.version" value="18.9"/>
    <property name="localRepository" value="C:\Users\Danil\.m2\repository"/>
    <property name="java.vendor.url.bug" value="http://bugreport.java.com/bugreport/"/>
    <property name="java.io.tmpdir" value="C:\Users\Danil\AppData\Local\Temp\"/>
    <property name="java.version" value="11.0.4"/>
    <property name="user.dir" value="C:\Users\Danil\Documents\INF03\Minor Quintor\eventweek-solitair-student-group_version"/>
    <property name="os.arch" value="amd64"/>
    <property name="java.vm.specification.name" value="Java Virtual Machine Specification"/>
    <property name="java.awt.printerjob" value="sun.awt.windows.WPrinterJob"/>
    <property name="sun.os.patch.level" value=""/>
    <property name="java.library.path" value="C:\Program Files\Java\jdk-11.0.4\bin;C:\windows\Sun\Java\bin;C:\windows\system32;C:\windows;C:\Program Files\AdoptOpenJDK\jdk-11.0.4.11-hotspot\bin;C:\Program Files (x86)\Intel\Intel(R) Management Engine Components\iCLS\;C:\Program Files\Intel\Intel(R) Management Engine Components\iCLS\;C:\windows\system32;C:\windows;C:\windows\System32\Wbem;C:\windows\System32\WindowsPowerShell\v1.0\;C:\windows\System32\OpenSSH\;C:\Program Files (x86)\Intel\Intel(R) Management Engine Components\DAL;C:\Program Files\Intel\Intel(R) Management Engine Components\DAL;C:\Program Files (x86)\NVIDIA Corporation\PhysX\Common;C:\Program Files\dotnet\;C:\Program Files\Microsoft SQL Server\130\Tools\Binn\;C:\Program Files\Microsoft SQL Server\Client SDK\ODBC\170\Tools\Binn\;C:\ProgramData\chocolatey\bin;C:\Program Files (x86)\Yarn\bin\;C:\Program Files\nodejs\;C:\Program Files\Git\cmd;C:\Users\Danil\.windows-build-tools\python27\;C:\Users\Danil\AppData\Roaming\npm\node_modules\npm\node_modules\npm-lifecycle\node-gyp-bin;C:\Users\Danil\AppData\Roaming\npm\node_modules\windows-build-tools\node_modules\.bin;C:\Users\Danil\AppData\Roaming\npm\node_modules\.bin;C:\Program Files (x86)\Intel\Intel(R) Management Engine Components\iCLS\;C:\Program Files\Intel\Intel(R) Management Engine Components\iCLS\;C:\windows\system32;C:\windows;C:\windows\System32\Wbem;C:\windows\System32\WindowsPowerShell\v1.0\;C:\windows\System32\OpenSSH\;C:\Program Files (x86)\Intel\Intel(R) Management Engine Components\DAL;C:\Program Files\Intel\Intel(R) Management Engine Components\DAL;C:\Program Files (x86)\NVIDIA Corporation\PhysX\Common;C:\Program Files\Git\cmd;C:\Program Files\nodejs\;C:\Program Files\dotnet\;C:\Program Files\Microsoft SQL Server\130\Tools\Binn\;C:\Program Files\Microsoft SQL Server\Client SDK\ODBC\170\Tools\Binn\;C:\ProgramData\chocolatey\bin;C:\Program Files (x86)\Yarn\bin\;C:\Program Files\MySQL\My;C:\Users\Danil\AppData\Local\Programs\Microsoft VS Code\bin;."/>
    <property name="java.vendor" value="Oracle Corporation"/>
    <property name="java.vm.info" value="mixed mode"/>
    <property name="java.vm.version" value="11.0.4+10-LTS"/>
    <property name="sun.io.unicode.encoding" value="UnicodeLittle"/>
    <property name="java.class.version" value="55.0"/>
  </properties>
  <testcase name="Invalid input calling checkPlayerInput whith [M, Z, G] will throw MoveException with message |Invalid Move syntax. &quot;Z&quot; is not a valid source location.&#10;See HÌ²elp for instructions.| when testing: Invalid source move" classname="nl.quintor.solitaire.game.CardMoveChecksSpec" time="0.019">
    <failure message="Expected exception of type &apos;nl.quintor.solitaire.game.moves.ex.MoveException&apos;, but no exception was thrown" type="org.spockframework.runtime.WrongExceptionThrownError">org.spockframework.runtime.WrongExceptionThrownError: Expected exception of type 'nl.quintor.solitaire.game.moves.ex.MoveException', but no exception was thrown
	at nl.quintor.solitaire.game.CardMoveChecksSpec.Invalid input calling checkPlayerInput whith #input will throw #exception.getSimpleName() with message |#message| when testing: #testcase(CardMoveChecksSpec.groovy:20)
</failure>
    <system-err><![CDATA[[main] WARN com.athaydes.spockframework.report.SpockReportExtension - Got configuration from Spock: com.athaydes.spockframework.report.internal.SpockReportsConfiguration([:])
[main] INFO com.athaydes.spockframework.report.internal.ConfigLoader - SpockReports config loaded: {com.athaydes.spockframework.report.projectVersion=Unknown, com.athaydes.spockframework.report.template.TemplateReportCreator.enabled=true, com.athaydes.spockframework.report.internal.HtmlReportCreator.printThrowableStackTrace=false, com.athaydes.spockframework.report.template.TemplateReportCreator.specTemplateFile=/templateReportCreator/spec-template.md, com.athaydes.spockframework.report.template.TemplateReportCreator.reportFileExtension=md, com.athaydes.spockframework.report.hideEmptyBlocks=false, com.athaydes.spockframework.report.template.TemplateReportCreator.summaryTemplateFile=/templateReportCreator/summary-template.md, com.athaydes.spockframework.report.template.TemplateReportCreator.summaryFileName=summary.md, com.athaydes.spockframework.report.internal.HtmlReportCreator.enabled=true, com.athaydes.spockframework.report.outputDir=build/spock-reports, com.athaydes.spockframework.report.projectName=, com.athaydes.spockframework.report.showCodeBlocks=false, com.athaydes.spockframework.report.internal.HtmlReportCreator.inlineCss=true, com.athaydes.spockframework.report.internal.HtmlReportCreator.featureReportCss=spock-feature-report.css, com.athaydes.spockframework.report.testSourceRoots=src/test/groovy, com.athaydes.spockframework.report.internal.HtmlReportCreator.summaryReportCss=spock-summary-report.css, com.athaydes.spockframework.report.internal.HtmlReportCreator.excludeToc=false, com.athaydes.spockframework.report.IReportCreator=com.athaydes.spockframework.report.internal.HtmlReportCreator}
]]></system-err>
  </testcase>
  <testcase name="Invalid input calling checkPlayerInput whith [M, O, Z] will throw MoveException with message |Invalid Move syntax. &quot;Z&quot; is not a valid destination location.&#10;See HÌ²elp for instructions.| when testing: Invalid destination move" classname="nl.quintor.solitaire.game.CardMoveChecksSpec" time="0.001">
    <failure message="Expected exception of type &apos;nl.quintor.solitaire.game.moves.ex.MoveException&apos;, but no exception was thrown" type="org.spockframework.runtime.WrongExceptionThrownError">org.spockframework.runtime.WrongExceptionThrownError: Expected exception of type 'nl.quintor.solitaire.game.moves.ex.MoveException', but no exception was thrown
	at nl.quintor.solitaire.game.CardMoveChecksSpec.Invalid input calling checkPlayerInput whith #input will throw #exception.getSimpleName() with message |#message| when testing: #testcase(CardMoveChecksSpec.groovy:20)
</failure>
  </testcase>
  <testcase name="Valid moves will not throw exceptions testing: Valid move between columns" classname="nl.quintor.solitaire.game.CardMoveChecksSpec" time="0.005"/>
  <testcase name="Valid moves will not throw exceptions testing: Valid move between column and stack" classname="nl.quintor.solitaire.game.CardMoveChecksSpec" time="0"/>
  <testcase name="Valid moves will not throw exceptions testing: Valid move between stock and stack" classname="nl.quintor.solitaire.game.CardMoveChecksSpec" time="0"/>
  <testcase name="Valid moves will not throw exceptions testing: Valid move between stock and column" classname="nl.quintor.solitaire.game.CardMoveChecksSpec" time="0"/>
  <testcase name="Valid input calling deckLevelChecks will not throw exception testing: Column source and Stack destination" classname="nl.quintor.solitaire.game.CardMoveChecksSpec" time="0"/>
  <testcase name="Valid input calling deckLevelChecks will not throw exception testing: Column source and destination" classname="nl.quintor.solitaire.game.CardMoveChecksSpec" time="0"/>
  <testcase name="Valid input calling deckLevelChecks will not throw exception testing: Stack source and Column destination" classname="nl.quintor.solitaire.game.CardMoveChecksSpec" time="0.001"/>
  <testcase name="Calling deckLevelChecks with same source and destination will throw exception" classname="nl.quintor.solitaire.game.CardMoveChecksSpec" time="0.001">
    <failure message="Expected exception of type &apos;nl.quintor.solitaire.game.moves.ex.MoveException&apos;, but no exception was thrown" type="org.spockframework.runtime.WrongExceptionThrownError">org.spockframework.runtime.WrongExceptionThrownError: Expected exception of type 'nl.quintor.solitaire.game.moves.ex.MoveException', but no exception was thrown
	at nl.quintor.solitaire.game.CardMoveChecksSpec.Calling deckLevelChecks with same source and destination will throw exception(CardMoveChecksSpec.groovy:61)
</failure>
  </testcase>
  <testcase name="Invalid input calling deckLevelChecks will throw exception with message: |You can&apos;t move a card from an empty deck| testing: Moving cards from empty deck should not be possible" classname="nl.quintor.solitaire.game.CardMoveChecksSpec" time="0">
    <failure message="Expected exception of type &apos;nl.quintor.solitaire.game.moves.ex.MoveException&apos;, but no exception was thrown" type="org.spockframework.runtime.WrongExceptionThrownError">org.spockframework.runtime.WrongExceptionThrownError: Expected exception of type 'nl.quintor.solitaire.game.moves.ex.MoveException', but no exception was thrown
	at nl.quintor.solitaire.game.CardMoveChecksSpec.Invalid input calling deckLevelChecks will throw exception with message: |#exceptionMessage| testing: #testcase(CardMoveChecksSpec.groovy:70)
</failure>
  </testcase>
  <testcase name="Invalid input calling deckLevelChecks will throw exception with message: |You can&apos;t move cards to the stock| testing: Moving cards to stock is not allowed" classname="nl.quintor.solitaire.game.CardMoveChecksSpec" time="0.001">
    <failure message="Expected exception of type &apos;nl.quintor.solitaire.game.moves.ex.MoveException&apos;, but no exception was thrown" type="org.spockframework.runtime.WrongExceptionThrownError">org.spockframework.runtime.WrongExceptionThrownError: Expected exception of type 'nl.quintor.solitaire.game.moves.ex.MoveException', but no exception was thrown
	at nl.quintor.solitaire.game.CardMoveChecksSpec.Invalid input calling deckLevelChecks will throw exception with message: |#exceptionMessage| testing: #testcase(CardMoveChecksSpec.groovy:70)
</failure>
  </testcase>
  <testcase name="Invalid input calling deckLevelChecks will throw exception with message: |You can&apos;t move more than 1 card at a time to a Stack Pile| testing: Moving multiple cards is not allowed" classname="nl.quintor.solitaire.game.CardMoveChecksSpec" time="0">
    <failure message="Expected exception of type &apos;nl.quintor.solitaire.game.moves.ex.MoveException&apos;, but no exception was thrown" type="org.spockframework.runtime.WrongExceptionThrownError">org.spockframework.runtime.WrongExceptionThrownError: Expected exception of type 'nl.quintor.solitaire.game.moves.ex.MoveException', but no exception was thrown
	at nl.quintor.solitaire.game.CardMoveChecksSpec.Invalid input calling deckLevelChecks will throw exception with message: |#exceptionMessage| testing: #testcase(CardMoveChecksSpec.groovy:70)
</failure>
  </testcase>
  <testcase name="Invalid input calling deckLevelChecks will throw exception with message: |You can&apos;t move an invisible card| testing: Moving invisible cards is not allowed" classname="nl.quintor.solitaire.game.CardMoveChecksSpec" time="0">
    <failure message="Expected exception of type &apos;nl.quintor.solitaire.game.moves.ex.MoveException&apos;, but no exception was thrown" type="org.spockframework.runtime.WrongExceptionThrownError">org.spockframework.runtime.WrongExceptionThrownError: Expected exception of type 'nl.quintor.solitaire.game.moves.ex.MoveException', but no exception was thrown
	at nl.quintor.solitaire.game.CardMoveChecksSpec.Invalid input calling deckLevelChecks will throw exception with message: |#exceptionMessage| testing: #testcase(CardMoveChecksSpec.groovy:70)
</failure>
  </testcase>
  <testcase name="valid input calling deckLevelChecks does not throw exceptions testing: Moving card from column to stack should be allowed" classname="nl.quintor.solitaire.game.CardMoveChecksSpec" time="0"/>
  <testcase name="valid input calling deckLevelChecks does not throw exceptions testing: Moving card from column to column should be allowed" classname="nl.quintor.solitaire.game.CardMoveChecksSpec" time="0.001"/>
  <testcase name="valid input calling deckLevelChecks does not throw exceptions testing: Moving card from stock to column should be allowed" classname="nl.quintor.solitaire.game.CardMoveChecksSpec" time="0"/>
  <testcase name="Invalid input calling cardLevelCheck will throw exception with message Target deck is neither Stack nor Column. testing: Moving card to deck should only be allowed to Stack or column deck" classname="nl.quintor.solitaire.game.CardMoveChecksSpec" time="0.001">
    <failure message="Expected exception of type &apos;nl.quintor.solitaire.game.moves.ex.MoveException&apos;, but no exception was thrown" type="org.spockframework.runtime.WrongExceptionThrownError">org.spockframework.runtime.WrongExceptionThrownError: Expected exception of type 'nl.quintor.solitaire.game.moves.ex.MoveException', but no exception was thrown
	at nl.quintor.solitaire.game.CardMoveChecksSpec.Invalid input calling cardLevelCheck will throw exception with message #exceptionMessage testing: #testCase(CardMoveChecksSpec.groovy:96)
</failure>
  </testcase>
  <testcase name="Invalid input calling cardLevelCheck will throw exception with message An Ace has to be the first card of a Stack Pile testing: Moving card not being an ace to an empty stack" classname="nl.quintor.solitaire.game.CardMoveChecksSpec" time="0.001">
    <failure message="Expected exception of type &apos;nl.quintor.solitaire.game.moves.ex.MoveException&apos;, but no exception was thrown" type="org.spockframework.runtime.WrongExceptionThrownError">org.spockframework.runtime.WrongExceptionThrownError: Expected exception of type 'nl.quintor.solitaire.game.moves.ex.MoveException', but no exception was thrown
	at nl.quintor.solitaire.game.CardMoveChecksSpec.Invalid input calling cardLevelCheck will throw exception with message #exceptionMessage testing: #testCase(CardMoveChecksSpec.groovy:96)
</failure>
  </testcase>
  <testcase name="Invalid input calling cardLevelCheck will throw exception with message Stack Piles hold same-suit cards of increasing Rank from Ace to King testing: Moving card to stack should be increasing" classname="nl.quintor.solitaire.game.CardMoveChecksSpec" time="0">
    <failure message="Expected exception of type &apos;nl.quintor.solitaire.game.moves.ex.MoveException&apos;, but no exception was thrown" type="org.spockframework.runtime.WrongExceptionThrownError">org.spockframework.runtime.WrongExceptionThrownError: Expected exception of type 'nl.quintor.solitaire.game.moves.ex.MoveException', but no exception was thrown
	at nl.quintor.solitaire.game.CardMoveChecksSpec.Invalid input calling cardLevelCheck will throw exception with message #exceptionMessage testing: #testCase(CardMoveChecksSpec.groovy:96)
</failure>
  </testcase>
  <testcase name="Invalid input calling cardLevelCheck will throw exception with message Stack Piles can only contain same-suit cards testing: Moving card to stack should be same suit" classname="nl.quintor.solitaire.game.CardMoveChecksSpec" time="0.005">
    <failure message="Expected exception of type &apos;nl.quintor.solitaire.game.moves.ex.MoveException&apos;, but no exception was thrown" type="org.spockframework.runtime.WrongExceptionThrownError">org.spockframework.runtime.WrongExceptionThrownError: Expected exception of type 'nl.quintor.solitaire.game.moves.ex.MoveException', but no exception was thrown
	at nl.quintor.solitaire.game.CardMoveChecksSpec.Invalid input calling cardLevelCheck will throw exception with message #exceptionMessage testing: #testCase(CardMoveChecksSpec.groovy:96)
</failure>
  </testcase>
  <testcase name="Invalid input calling cardLevelCheck will throw exception with message A King has to be the first card of a Column testing: Moving card to empty column can only be a King" classname="nl.quintor.solitaire.game.CardMoveChecksSpec" time="0">
    <failure message="Expected exception of type &apos;nl.quintor.solitaire.game.moves.ex.MoveException&apos;, but no exception was thrown" type="org.spockframework.runtime.WrongExceptionThrownError">org.spockframework.runtime.WrongExceptionThrownError: Expected exception of type 'nl.quintor.solitaire.game.moves.ex.MoveException', but no exception was thrown
	at nl.quintor.solitaire.game.CardMoveChecksSpec.Invalid input calling cardLevelCheck will throw exception with message #exceptionMessage testing: #testCase(CardMoveChecksSpec.groovy:96)
</failure>
  </testcase>
  <testcase name="Invalid input calling cardLevelCheck will throw exception with message Column cards have te alternate colors (red and black) testing: Moving card to column must be opposite suit" classname="nl.quintor.solitaire.game.CardMoveChecksSpec" time="0">
    <failure message="Expected exception of type &apos;nl.quintor.solitaire.game.moves.ex.MoveException&apos;, but no exception was thrown" type="org.spockframework.runtime.WrongExceptionThrownError">org.spockframework.runtime.WrongExceptionThrownError: Expected exception of type 'nl.quintor.solitaire.game.moves.ex.MoveException', but no exception was thrown
	at nl.quintor.solitaire.game.CardMoveChecksSpec.Invalid input calling cardLevelCheck will throw exception with message #exceptionMessage testing: #testCase(CardMoveChecksSpec.groovy:96)
</failure>
  </testcase>
  <testcase name="Invalid input calling cardLevelCheck will throw exception with message Columns hold alternating-color cards of decreasing rank from King to Two testing: Moving card to column must be in descending rank" classname="nl.quintor.solitaire.game.CardMoveChecksSpec" time="0">
    <failure message="Expected exception of type &apos;nl.quintor.solitaire.game.moves.ex.MoveException&apos;, but no exception was thrown" type="org.spockframework.runtime.WrongExceptionThrownError">org.spockframework.runtime.WrongExceptionThrownError: Expected exception of type 'nl.quintor.solitaire.game.moves.ex.MoveException', but no exception was thrown
	at nl.quintor.solitaire.game.CardMoveChecksSpec.Invalid input calling cardLevelCheck will throw exception with message #exceptionMessage testing: #testCase(CardMoveChecksSpec.groovy:96)
</failure>
  </testcase>
  <testcase name="Valid input calling cardLevelChecks will not throw exceptions testing : Ace should be allowed on empty stack" classname="nl.quintor.solitaire.game.CardMoveChecksSpec" time="0"/>
  <testcase name="Valid input calling cardLevelChecks will not throw exceptions testing : two should be allowed in stack containing ace" classname="nl.quintor.solitaire.game.CardMoveChecksSpec" time="0"/>
  <testcase name="Valid input calling cardLevelChecks will not throw exceptions testing : King should be allowed as first card in a column deck" classname="nl.quintor.solitaire.game.CardMoveChecksSpec" time="0"/>
  <testcase name="Valid input calling cardLevelChecks will not throw exceptions testing : column deck with Diamond card should allow club card with decreased value of one" classname="nl.quintor.solitaire.game.CardMoveChecksSpec" time="0"/>
  <testcase name="Valid input calling cardLevelChecks will not throw exceptions testing : column deck with Diamond card should allow spade card with decreased value of one" classname="nl.quintor.solitaire.game.CardMoveChecksSpec" time="0"/>
  <testcase name="Valid input calling cardLevelChecks will not throw exceptions testing : column deck with hearts card should allow spade card with decreased value of one" classname="nl.quintor.solitaire.game.CardMoveChecksSpec" time="0"/>
  <testcase name="Valid input calling cardLevelChecks will not throw exceptions testing : column deck with hearts card should allow club card with decreased value of one" classname="nl.quintor.solitaire.game.CardMoveChecksSpec" time="0"/>
  <testcase name="Valid input calling cardLevelChecks will not throw exceptions testing : column deck with clubs card should allow hearts card with decreased value of one" classname="nl.quintor.solitaire.game.CardMoveChecksSpec" time="0.001"/>
  <testcase name="Valid input calling cardLevelChecks will not throw exceptions testing : column deck with clubs card should allow diamond card with decreased value of one" classname="nl.quintor.solitaire.game.CardMoveChecksSpec" time="0"/>
  <testcase name="Valid input calling cardLevelChecks will not throw exceptions testing : column deck with spade card should allow hearts card with decreased value of one" classname="nl.quintor.solitaire.game.CardMoveChecksSpec" time="0"/>
  <testcase name="Valid input calling cardLevelChecks will not throw exceptions testing : column deck with spade card should allow diamond card with decreased value of one" classname="nl.quintor.solitaire.game.CardMoveChecksSpec" time="0"/>
  <testcase name="Given the cards DIAMONDS JACK, DIAMONDS FIVE the method opposingCards will return false" classname="nl.quintor.solitaire.game.CardMoveChecksSpec" time="0"/>
  <testcase name="Given the cards DIAMONDS JACK, HEARTS FIVE the method opposingCards will return false" classname="nl.quintor.solitaire.game.CardMoveChecksSpec" time="0.001"/>
  <testcase name="Given the cards DIAMONDS JACK, SPADES SEVEN the method opposingCards will return true" classname="nl.quintor.solitaire.game.CardMoveChecksSpec" time="0"/>
  <testcase name="Given the cards DIAMONDS JACK, CLUBS FIVE the method opposingCards will return true" classname="nl.quintor.solitaire.game.CardMoveChecksSpec" time="0"/>
  <testcase name="Given the cards HEARTS TWO, HEARTS KING the method opposingCards will return false" classname="nl.quintor.solitaire.game.CardMoveChecksSpec" time="0.001"/>
  <testcase name="Given the cards HEARTS TWO, DIAMONDS KING the method opposingCards will return false" classname="nl.quintor.solitaire.game.CardMoveChecksSpec" time="0"/>
  <testcase name="Given the cards HEARTS TWO, SPADES KING the method opposingCards will return true" classname="nl.quintor.solitaire.game.CardMoveChecksSpec" time="0"/>
  <testcase name="Given the cards HEARTS TWO, CLUBS KING the method opposingCards will return true" classname="nl.quintor.solitaire.game.CardMoveChecksSpec" time="0"/>
  <testcase name="Given the cards CLUBS FIVE, CLUBS ACE the method opposingCards will return false" classname="nl.quintor.solitaire.game.CardMoveChecksSpec" time="0"/>
  <testcase name="Given the cards CLUBS FIVE, SPADES ACE the method opposingCards will return false" classname="nl.quintor.solitaire.game.CardMoveChecksSpec" time="0"/>
  <testcase name="Given the cards CLUBS FIVE, DIAMONDS ACE the method opposingCards will return true" classname="nl.quintor.solitaire.game.CardMoveChecksSpec" time="0"/>
  <testcase name="Given the cards CLUBS FIVE, HEARTS ACE the method opposingCards will return true" classname="nl.quintor.solitaire.game.CardMoveChecksSpec" time="0"/>
  <testcase name="Given the cards SPADES TEN, SPADES QUEEN the method opposingCards will return false" classname="nl.quintor.solitaire.game.CardMoveChecksSpec" time="0"/>
  <testcase name="Given the cards SPADES TEN, CLUBS QUEEN the method opposingCards will return false" classname="nl.quintor.solitaire.game.CardMoveChecksSpec" time="0"/>
  <testcase name="Given the cards SPADES TEN, DIAMONDS QUEEN the method opposingCards will return true" classname="nl.quintor.solitaire.game.CardMoveChecksSpec" time="0"/>
  <testcase name="Given the cards SPADES TEN, HEARTS QUEEN the method opposingCards will return true" classname="nl.quintor.solitaire.game.CardMoveChecksSpec" time="0"/>
  <testcase name="Given SPADES TEN redSuit should return false" classname="nl.quintor.solitaire.game.CardMoveChecksSpec" time="0.001"/>
  <testcase name="Given CLUBS TEN redSuit should return false" classname="nl.quintor.solitaire.game.CardMoveChecksSpec" time="0"/>
  <testcase name="Given DIAMONDS TEN redSuit should return true" classname="nl.quintor.solitaire.game.CardMoveChecksSpec" time="0"/>
  <testcase name="Given HEARTS TEN redSuit should return true" classname="nl.quintor.solitaire.game.CardMoveChecksSpec" time="0"/>
  <testcase name="Given a JOKER JOKER_BLACK redSuit should throw a exception" classname="nl.quintor.solitaire.game.CardMoveChecksSpec" time="0.001"/>
  <testcase name="Given a JOKER JOKER_RED redSuit should throw a exception" classname="nl.quintor.solitaire.game.CardMoveChecksSpec" time="0.001"/>
</testsuite>